Arguments: 
  /usr/local/bin/node /Users/Tyler/.yarn/bin/yarn.js add flask_restful

PATH: 
  /anaconda3/bin:/anaconda3/condabin:/Users/Tyler/Desktop/cocos2d-x-3.17.1/templates:/Users/Tyler/Desktop/cocos2d-x-3.17.1/tools/cocos2d-console/bin:/Users/Tyler/Desktop/cocos2d-x/templates:/Users/Tyler/Desktop/cocos2d-x/tools/cocos2d-console/bin:/Users/Tyler/Desktop/cocos2d-x-3.17.1/templates:/Users/Tyler/Desktop:/Users/Tyler/Desktop/cocos2d-x-3.17.1/tools/cocos2d-console/bin:/Users/Tyler/.yarn/bin:/Users/Tyler/.config/yarn/global/node_modules/.bin:/anaconda3/bin:/Library/Frameworks/Python.framework/Versions/2.7/bin:/Library/Frameworks/Python.framework/Versions/3.7/bin:/usr/local/bin:/usr/bin:/bin:/usr/sbin:/sbin:/usr/local/share/dotnet:~/.dotnet/tools:/Library/Frameworks/Mono.framework/Versions/Current/Commands:/Applications/Wireshark.app/Contents/MacOS:/Applications/Xamarin Workbooks.app/Contents/SharedSupport/path-bin:/Users/Tyler/Desktop/cocos2d-x-3.17.1/templates:/Users/Tyler/Desktop/cocos2d-x-3.17.1/tools/cocos2d-console/bin:/Users/Tyler/Desktop/cocos2d-x/templates:/Users/Tyler/Desktop/cocos2d-x/tools/cocos2d-console/bin:/Users/Tyler/Desktop:/Users/Tyler/.yarn/bin:/Users/Tyler/.config/yarn/global/node_modules/.bin:/anaconda3/bin:/Library/Frameworks/Python.framework/Versions/2.7/bin:/Library/Frameworks/Python.framework/Versions/3.7/bin

Yarn version: 
  1.13.0

Node version: 
  11.3.0

Platform: 
  darwin x64

Trace: 
  Error: https://registry.yarnpkg.com/flask_restful: Not found
      at Request.params.callback [as _callback] (/Users/Tyler/.yarn/lib/cli.js:66255:18)
      at Request.self.callback (/Users/Tyler/.yarn/lib/cli.js:129397:22)
      at Request.emit (events.js:182:13)
      at Request.<anonymous> (/Users/Tyler/.yarn/lib/cli.js:130369:10)
      at Request.emit (events.js:182:13)
      at IncomingMessage.<anonymous> (/Users/Tyler/.yarn/lib/cli.js:130291:12)
      at Object.onceWrapper (events.js:273:13)
      at IncomingMessage.emit (events.js:187:15)
      at endReadableNT (_stream_readable.js:1098:12)
      at process.internalTickCallback (internal/process/next_tick.js:72:19)

npm manifest: 
  {
    "dependencies": {
      "cors": "^2.8.5"
    }
  }

yarn manifest: 
  No manifest

Lockfile: 
  # THIS IS AN AUTOGENERATED FILE. DO NOT EDIT THIS FILE DIRECTLY.
  # yarn lockfile v1
  
  
  cors@^2.8.5:
    version "2.8.5"
    resolved "https://registry.yarnpkg.com/cors/-/cors-2.8.5.tgz#eac11da51592dd86b9f06f6e7ac293b3df875d29"
    integrity sha512-KIHbLJqu73RGr/hnbrO9uBeixNGuvSQjul/jdFvS/KFSIH1hWVd1ng7zOHx+YrEfInLG7q4n6GHQ9cDtxv/P6g==
    dependencies:
      object-assign "^4"
      vary "^1"
  
  object-assign@^4:
    version "4.1.1"
    resolved "https://registry.yarnpkg.com/object-assign/-/object-assign-4.1.1.tgz#2109adc7965887cfc05cbbd442cac8bfbb360863"
    integrity sha1-IQmtx5ZYh8/AXLvUQsrIv7s2CGM=
  
  vary@^1:
    version "1.1.2"
    resolved "https://registry.yarnpkg.com/vary/-/vary-1.1.2.tgz#2299f02c6ded30d4a5961b0b9f74524a18f634fc"
    integrity sha1-IpnwLG3tMNSllhsLn3RSShj2NPw=
